<?xml version="1.0" encoding="UTF-8"?>
<!-- Generated by org.testng.reporters.JUnitReportReporter -->
<testsuite skipped="0" hostname="DESKTOP-50ISOSA" name="testcases.TC_003_LoginDDTtestcase" tests="5" failures="0" timestamp="2021-10-25T22:03:05 IST" time="55.289" errors="0">
  <testcase name="test_LoginDDT" time="2.670" classname="testcases.TC_003_LoginDDTtestcase"/>
  <system-out/>
  <testcase name="test_LoginDDT" time="14.058" classname="testcases.TC_003_LoginDDTtestcase"/>
  <system-out/>
  <testcase name="test_LoginDDT" time="14.062" classname="testcases.TC_003_LoginDDTtestcase"/>
  <system-out/>
  <testcase name="test_LoginDDT" time="10.399" classname="testcases.TC_003_LoginDDTtestcase"/>
  <system-out/>
  <testcase name="test_LoginDDT" time="14.100" classname="testcases.TC_003_LoginDDTtestcase"/>
  <system-out/>
</testsuite> <!-- testcases.TC_003_LoginDDTtestcase -->
