<?xml version="1.0" encoding="UTF-8"?>
<!-- Generated by org.testng.reporters.JUnitReportReporter -->
<testsuite skipped="0" hostname="DESKTOP-50ISOSA" name="testcases.TC_001_AccountRegistration" tests="1" failures="0" timestamp="2021-10-26T20:57:02 IST" time="6.461" errors="0">
  <testcase name="test_act_reg" time="6.461" classname="testcases.TC_001_AccountRegistration"/>
  <system-out/>
</testsuite> <!-- testcases.TC_001_AccountRegistration -->
