<?xml version="1.0" encoding="UTF-8"?>
<!-- Generated by org.testng.reporters.JUnitReportReporter -->
<testsuite skipped="0" hostname="DESKTOP-50ISOSA" name="testcases.TC_002_Logintest" tests="1" failures="0" timestamp="2021-10-26T20:57:02 IST" time="5.895" errors="0">
  <testcase name="test_Login" time="5.895" classname="testcases.TC_002_Logintest"/>
  <system-out/>
</testsuite> <!-- testcases.TC_002_Logintest -->
